SF:C:\Users\santi\Files\Estudios\ProgrammingProjects\PII_RoleplayGame_2_Start\src\Library\Characters\Archer.cs
FN:6,RoleplayGame.Item[] RoleplayGame.Archer::get_Items()
FNDA:1,RoleplayGame.Item[] RoleplayGame.Archer::get_Items()
DA:7,1
FN:7,RoleplayGame.Bow RoleplayGame.Archer::RoleplayGame.Wielder<RoleplayGame.Bow>.get_Item()
FNDA:2,RoleplayGame.Bow RoleplayGame.Archer::RoleplayGame.Wielder<RoleplayGame.Bow>.get_Item()
DA:8,2
FN:8,RoleplayGame.Bow RoleplayGame.Archer::get_Bow()
FNDA:2,RoleplayGame.Bow RoleplayGame.Archer::get_Bow()
DA:9,2
FN:9,RoleplayGame.Helmet RoleplayGame.Archer::RoleplayGame.Wielder<RoleplayGame.Helmet>.get_Item()
FNDA:1,RoleplayGame.Helmet RoleplayGame.Archer::RoleplayGame.Wielder<RoleplayGame.Helmet>.get_Item()
DA:10,1
FN:10,RoleplayGame.Helmet RoleplayGame.Archer::get_Helmet()
FNDA:1,RoleplayGame.Helmet RoleplayGame.Archer::get_Helmet()
DA:11,1
FN:4,System.Void RoleplayGame.Archer::.ctor(System.String)
FNDA:3,System.Void RoleplayGame.Archer::.ctor(System.String)
DA:5,3
LF:6
LH:6
BRF:0
BRH:0
FNF:6
FNH:6
end_of_record
SF:C:\Users\santi\Files\Estudios\ProgrammingProjects\PII_RoleplayGame_2_Start\src\Library\Characters\Character.cs
FN:33,System.Int32 RoleplayGame.Character::get_Health()
FNDA:6,System.Int32 RoleplayGame.Character::get_Health()
DA:34,6
FN:34,System.Void RoleplayGame.Character::set_Health(System.Int32)
FNDA:3,System.Void RoleplayGame.Character::set_Health(System.Int32)
DA:35,3
BRDA:35,3,0,2
BRDA:35,3,1,1
FN:40,System.Int32 RoleplayGame.Character::get_AttackValue()
FNDA:17,System.Int32 RoleplayGame.Character::get_AttackValue()
DA:41,17
BRDA:41,2,0,3
BRDA:41,2,1,9
FN:45,System.Int32 RoleplayGame.Character::get_DefenseValue()
FNDA:26,System.Int32 RoleplayGame.Character::get_DefenseValue()
DA:46,26
BRDA:46,2,0,9
BRDA:46,2,1,10
FN:52,System.Void RoleplayGame.Character::ReceiveAttack(System.Int32)
FNDA:3,System.Void RoleplayGame.Character::ReceiveAttack(System.Int32)
DA:53,3
DA:54,3
DA:55,2
DA:56,3
BRDA:54,12,0,2
BRDA:54,12,1,3
FN:61,System.Void RoleplayGame.Character::Cure()
FNDA:1,System.Void RoleplayGame.Character::Cure()
DA:62,1
DA:63,1
DA:64,1
DA:65,1
BRDA:63,13,0,1
BRDA:63,13,1,1
FN:10,System.Void RoleplayGame.Character::.ctor(System.String)
FNDA:6,System.Void RoleplayGame.Character::.ctor(System.String)
DA:11,6
DA:12,6
DA:13,6
DA:14,6
DA:27,6
LF:17
LH:17
BRF:10
BRH:10
FNF:7
FNH:7
end_of_record
SF:C:\Users\santi\Files\Estudios\ProgrammingProjects\PII_RoleplayGame_2_Start\src\Library\Characters\Dwarf.cs
FN:6,RoleplayGame.Item[] RoleplayGame.Dwarf::get_Items()
FNDA:5,RoleplayGame.Item[] RoleplayGame.Dwarf::get_Items()
DA:7,5
FN:8,RoleplayGame.Axe RoleplayGame.Dwarf::RoleplayGame.Wielder<RoleplayGame.Axe>.get_Item()
FNDA:7,RoleplayGame.Axe RoleplayGame.Dwarf::RoleplayGame.Wielder<RoleplayGame.Axe>.get_Item()
DA:9,7
FN:9,RoleplayGame.Axe RoleplayGame.Dwarf::get_Axe()
FNDA:7,RoleplayGame.Axe RoleplayGame.Dwarf::get_Axe()
DA:10,7
FN:11,RoleplayGame.Shield RoleplayGame.Dwarf::RoleplayGame.Wielder<RoleplayGame.Shield>.get_Item()
FNDA:5,RoleplayGame.Shield RoleplayGame.Dwarf::RoleplayGame.Wielder<RoleplayGame.Shield>.get_Item()
DA:12,5
FN:12,RoleplayGame.Shield RoleplayGame.Dwarf::get_Shield()
FNDA:5,RoleplayGame.Shield RoleplayGame.Dwarf::get_Shield()
DA:13,5
FN:14,RoleplayGame.Helmet RoleplayGame.Dwarf::RoleplayGame.Wielder<RoleplayGame.Helmet>.get_Item()
FNDA:7,RoleplayGame.Helmet RoleplayGame.Dwarf::RoleplayGame.Wielder<RoleplayGame.Helmet>.get_Item()
DA:15,7
FN:15,RoleplayGame.Helmet RoleplayGame.Dwarf::get_Helmet()
FNDA:7,RoleplayGame.Helmet RoleplayGame.Dwarf::get_Helmet()
DA:16,7
FN:4,System.Void RoleplayGame.Dwarf::.ctor(System.String)
FNDA:6,System.Void RoleplayGame.Dwarf::.ctor(System.String)
DA:5,6
LF:8
LH:8
BRF:0
BRH:0
FNF:8
FNH:8
end_of_record
SF:C:\Users\santi\Files\Estudios\ProgrammingProjects\PII_RoleplayGame_2_Start\src\Library\Characters\Knight.cs
FN:6,RoleplayGame.Item[] RoleplayGame.Knight::get_Items()
FNDA:2,RoleplayGame.Item[] RoleplayGame.Knight::get_Items()
DA:7,2
FN:8,RoleplayGame.Sword RoleplayGame.Knight::RoleplayGame.Wielder<RoleplayGame.Sword>.get_Item()
FNDA:2,RoleplayGame.Sword RoleplayGame.Knight::RoleplayGame.Wielder<RoleplayGame.Sword>.get_Item()
DA:9,2
FN:9,RoleplayGame.Sword RoleplayGame.Knight::get_Sword()
FNDA:2,RoleplayGame.Sword RoleplayGame.Knight::get_Sword()
DA:10,2
FN:11,RoleplayGame.Shield RoleplayGame.Knight::RoleplayGame.Wielder<RoleplayGame.Shield>.get_Item()
FNDA:2,RoleplayGame.Shield RoleplayGame.Knight::RoleplayGame.Wielder<RoleplayGame.Shield>.get_Item()
DA:12,2
FN:12,RoleplayGame.Shield RoleplayGame.Knight::get_Shield()
FNDA:2,RoleplayGame.Shield RoleplayGame.Knight::get_Shield()
DA:13,2
FN:14,RoleplayGame.Armor RoleplayGame.Knight::RoleplayGame.Wielder<RoleplayGame.Armor>.get_Item()
FNDA:2,RoleplayGame.Armor RoleplayGame.Knight::RoleplayGame.Wielder<RoleplayGame.Armor>.get_Item()
DA:15,2
FN:15,RoleplayGame.Armor RoleplayGame.Knight::get_Armor()
FNDA:2,RoleplayGame.Armor RoleplayGame.Knight::get_Armor()
DA:16,2
FN:4,System.Void RoleplayGame.Knight::.ctor(System.String)
FNDA:3,System.Void RoleplayGame.Knight::.ctor(System.String)
DA:5,3
LF:8
LH:8
BRF:0
BRH:0
FNF:8
FNH:8
end_of_record
SF:C:\Users\santi\Files\Estudios\ProgrammingProjects\PII_RoleplayGame_2_Start\src\Library\Characters\Wizard.cs
FN:6,RoleplayGame.Item[] RoleplayGame.Wizard::get_Items()
FNDA:4,RoleplayGame.Item[] RoleplayGame.Wizard::get_Items()
DA:7,4
FN:8,RoleplayGame.SpellsBook RoleplayGame.Wizard::RoleplayGame.Wielder<RoleplayGame.SpellsBook>.get_Item()
FNDA:6,RoleplayGame.SpellsBook RoleplayGame.Wizard::RoleplayGame.Wielder<RoleplayGame.SpellsBook>.get_Item()
DA:9,6
FN:9,RoleplayGame.SpellsBook RoleplayGame.Wizard::get_SpellsBook()
FNDA:6,RoleplayGame.SpellsBook RoleplayGame.Wizard::get_SpellsBook()
DA:10,6
FN:11,RoleplayGame.Staff RoleplayGame.Wizard::RoleplayGame.Wielder<RoleplayGame.Staff>.get_Item()
FNDA:6,RoleplayGame.Staff RoleplayGame.Wizard::RoleplayGame.Wielder<RoleplayGame.Staff>.get_Item()
DA:12,6
FN:12,RoleplayGame.Staff RoleplayGame.Wizard::get_Staff()
FNDA:6,RoleplayGame.Staff RoleplayGame.Wizard::get_Staff()
DA:13,6
FN:4,System.Void RoleplayGame.Wizard::.ctor(System.String)
FNDA:6,System.Void RoleplayGame.Wizard::.ctor(System.String)
DA:5,6
LF:6
LH:6
BRF:0
BRH:0
FNF:6
FNH:6
end_of_record
SF:C:\Users\santi\Files\Estudios\ProgrammingProjects\PII_RoleplayGame_2_Start\src\Library\Items\Armor.cs
FN:4,System.Int32 RoleplayGame.Armor::get_DefenseValue()
FNDA:0,System.Int32 RoleplayGame.Armor::get_DefenseValue()
DA:5,0
LF:1
LH:0
BRF:0
BRH:0
FNF:1
FNH:0
end_of_record
SF:C:\Users\santi\Files\Estudios\ProgrammingProjects\PII_RoleplayGame_2_Start\src\Library\Items\Axe.cs
FN:4,System.Int32 RoleplayGame.Axe::get_AttackValue()
FNDA:2,System.Int32 RoleplayGame.Axe::get_AttackValue()
DA:5,2
LF:1
LH:1
BRF:0
BRH:0
FNF:1
FNH:1
end_of_record
SF:C:\Users\santi\Files\Estudios\ProgrammingProjects\PII_RoleplayGame_2_Start\src\Library\Items\Bow.cs
FN:4,System.Int32 RoleplayGame.Bow::get_AttackValue()
FNDA:1,System.Int32 RoleplayGame.Bow::get_AttackValue()
DA:5,1
LF:1
LH:1
BRF:0
BRH:0
FNF:1
FNH:1
end_of_record
SF:C:\Users\santi\Files\Estudios\ProgrammingProjects\PII_RoleplayGame_2_Start\src\Library\Items\Helmet.cs
FN:4,System.Int32 RoleplayGame.Helmet::get_DefenseValue()
FNDA:3,System.Int32 RoleplayGame.Helmet::get_DefenseValue()
DA:5,3
LF:1
LH:1
BRF:0
BRH:0
FNF:1
FNH:1
end_of_record
SF:C:\Users\santi\Files\Estudios\ProgrammingProjects\PII_RoleplayGame_2_Start\src\Library\Items\Item.cs
FN:12,System.Int32 RoleplayGame.Item::get_DefenseValue()
FNDA:3,System.Int32 RoleplayGame.Item::get_DefenseValue()
DA:13,3
FN:17,System.Int32 RoleplayGame.Item::get_AttackValue()
FNDA:2,System.Int32 RoleplayGame.Item::get_AttackValue()
DA:18,2
LF:2
LH:2
BRF:0
BRH:0
FNF:2
FNH:2
end_of_record
SF:C:\Users\santi\Files\Estudios\ProgrammingProjects\PII_RoleplayGame_2_Start\src\Library\Items\Shield.cs
FN:4,System.Int32 RoleplayGame.Shield::get_DefenseValue()
FNDA:0,System.Int32 RoleplayGame.Shield::get_DefenseValue()
DA:5,0
LF:1
LH:0
BRF:0
BRH:0
FNF:1
FNH:0
end_of_record
SF:C:\Users\santi\Files\Estudios\ProgrammingProjects\PII_RoleplayGame_2_Start\src\Library\Items\Spell.cs
FN:4,System.Int32 RoleplayGame.Spell::get_AttackValue()
FNDA:2,System.Int32 RoleplayGame.Spell::get_AttackValue()
DA:5,2
FN:6,System.Int32 RoleplayGame.Spell::get_DefenseValue()
FNDA:2,System.Int32 RoleplayGame.Spell::get_DefenseValue()
DA:7,2
LF:2
LH:2
BRF:0
BRH:0
FNF:2
FNH:2
end_of_record
SF:C:\Users\santi\Files\Estudios\ProgrammingProjects\PII_RoleplayGame_2_Start\src\Library\Items\SpellsBook.cs
FN:7,RoleplayGame.Spell[] RoleplayGame.SpellsBook::get_Spells()
FNDA:6,RoleplayGame.Spell[] RoleplayGame.SpellsBook::get_Spells()
DA:8,6
FN:9,System.Int32 RoleplayGame.SpellsBook::get_AttackValue()
FNDA:4,System.Int32 RoleplayGame.SpellsBook::get_AttackValue()
DA:10,4
FN:11,System.Int32 RoleplayGame.SpellsBook::get_DefenseValue()
FNDA:4,System.Int32 RoleplayGame.SpellsBook::get_DefenseValue()
DA:12,4
LF:3
LH:3
BRF:0
BRH:0
FNF:3
FNH:3
end_of_record
SF:C:\Users\santi\Files\Estudios\ProgrammingProjects\PII_RoleplayGame_2_Start\src\Library\Items\Staff.cs
FN:4,System.Int32 RoleplayGame.Staff::get_AttackValue()
FNDA:2,System.Int32 RoleplayGame.Staff::get_AttackValue()
DA:5,2
FN:6,System.Int32 RoleplayGame.Staff::get_DefenseValue()
FNDA:2,System.Int32 RoleplayGame.Staff::get_DefenseValue()
DA:7,2
LF:2
LH:2
BRF:0
BRH:0
FNF:2
FNH:2
end_of_record
SF:C:\Users\santi\Files\Estudios\ProgrammingProjects\PII_RoleplayGame_2_Start\src\Library\Items\Sword.cs
FN:4,System.Int32 RoleplayGame.Sword::get_AttackValue()
FNDA:0,System.Int32 RoleplayGame.Sword::get_AttackValue()
DA:5,0
LF:1
LH:0
BRF:0
BRH:0
FNF:1
FNH:0
end_of_record